#
# There is insufficient memory for the Java Runtime Environment to continue.
# Native memory allocation (mmap) failed to map 3145728000 bytes for G1 virtual space
# Possible reasons:
#   The system is out of physical RAM or swap space
#   The process is running with CompressedOops enabled, and the Java Heap may be blocking the growth of the native heap
# Possible solutions:
#   Reduce memory load on the system
#   Increase physical memory or swap space
#   Check if swap backing store is full
#   Decrease Java heap size (-Xmx/-Xms)
#   Decrease number of Java threads
#   Decrease Java thread stack sizes (-Xss)
#   Set larger code cache with -XX:ReservedCodeCacheSize=
#   JVM is running with Zero Based Compressed Oops mode in which the Java heap is
#     placed in the first 32GB address space. The Java Heap base address is the
#     maximum limit for the native heap growth. Please use -XX:HeapBaseMinAddress
#     to set the Java Heap base and to place the Java Heap above 32GB virtual address.
# This output file may be truncated or incomplete.
#
#  Out of Memory Error (os_windows.cpp:3600), pid=10128, tid=1564
#
# JRE version:  (21.0.4+8) (build )
# Java VM: Java HotSpot(TM) 64-Bit Server VM (21.0.4+8-LTS-274, mixed mode, sharing, tiered, compressed oops, compressed class ptrs, g1 gc, windows-amd64)
# No core dump will be written. Minidumps are not enabled by default on client versions of Windows
#

---------------  S U M M A R Y ------------

Command Line: -Xms3000M -Xmx3000M EverNeverMC.jar -o true

Host: Intel(R) Celeron(R) N4120 CPU @ 1.10GHz, 4 cores, 3G,  Windows 11 , 64 bit Build 22621 (10.0.22621.4391)
Time: Mon Jul  7 17:07:42 2025 Hora estándar oeste, Sudamérica elapsed time: 0.024028 seconds (0d 0h 0m 0s)

---------------  T H R E A D  ---------------

Current thread (0x0000021f463d7fa0):  JavaThread "Unknown thread" [_thread_in_vm, id=1564, stack(0x000000267fc00000,0x000000267fd00000) (1024K)]

Stack: [0x000000267fc00000,0x000000267fd00000]
Native frames: (J=compiled Java code, j=interpreted, Vv=VM code, C=native code)
V  [jvm.dll+0x6c8e59]
V  [jvm.dll+0x853181]
V  [jvm.dll+0x8556ae]
V  [jvm.dll+0x855d83]
V  [jvm.dll+0x27d526]
V  [jvm.dll+0x6c55f5]
V  [jvm.dll+0x6ba17a]
V  [jvm.dll+0x352a8a]
V  [jvm.dll+0x35a6e6]
V  [jvm.dll+0x3acdae]
V  [jvm.dll+0x3ad058]
V  [jvm.dll+0x326dec]
V  [jvm.dll+0x32794b]
V  [jvm.dll+0x81c569]
V  [jvm.dll+0x3b9a11]
V  [jvm.dll+0x805948]
V  [jvm.dll+0x44ec5e]
V  [jvm.dll+0x450851]
C  [jli.dll+0x52a3]
C  [ucrtbase.dll+0x29333]
C  [KERNEL32.DLL+0x1259d]
C  [ntdll.dll+0x5af38]


---------------  P R O C E S S  ---------------

Threads class SMR info:
_java_thread_list=0x00007ff920fc6c08, length=0, elements={
}

Java Threads: ( => current thread )
Total: 0

Other Threads:
  0x0000021f485e7420 WorkerThread "GC Thread#0"                     [id=16644, stack(0x000000267fd00000,0x000000267fe00000) (1024K)]
  0x0000021f485f4130 ConcurrentGCThread "G1 Main Marker"            [id=11660, stack(0x000000267fe00000,0x000000267ff00000) (1024K)]
  0x0000021f485f5be0 WorkerThread "G1 Conc#0"                       [id=18184, stack(0x000000267ff00000,0x0000002680000000) (1024K)]

[error occurred during error reporting (printing all threads), id 0xc0000005, EXCEPTION_ACCESS_VIOLATION (0xc0000005) at pc=0x00007ff920739577]
VM state: not at safepoint (not fully initialized)

VM Mutex/Monitor currently owned by a thread:  ([mutex/lock_event])
[0x00007ff921037f98] Heap_lock - owner thread: 0x0000021f463d7fa0

Heap address: 0x0000000744800000, size: 3000 MB, Compressed Oops mode: Zero based, Oop shift amount: 3

CDS archive(s) mapped at: [0x0000000000000000-0x0000000000000000-0x0000000000000000), size 0, SharedBaseAddress: 0x0000000800000000, ArchiveRelocationMode: 1.
Narrow klass base: 0x0000000000000000, Narrow klass shift: 0, Narrow klass range: 0x0

GC Precious Log:
 CardTable entry size: 512
 Card Set container configuration: InlinePtr #cards 4 size 8 Array Of Cards #cards 16 size 48 Howl #buckets 8 coarsen threshold 3686 Howl Bitmap #cards 512 size 80 coarsen threshold 460 Card regions per heap region 1 cards per card region 4096

Heap:
 garbage-first heap   total 0K, used 0K [0x0000000744800000, 0x0000000800000000)
  region size 2048K, 0 young (0K), 0 survivors (0K)

[error occurred during error reporting (printing heap information), id 0xc0000005, EXCEPTION_ACCESS_VIOLATION (0xc0000005) at pc=0x00007ff920b21df9]
GC Heap History (0 events):
No events

Dll operation events (1 events):
Event: 0.014 Loaded shared library C:\Program Files\Java\jdk-21\bin\java.dll

Deoptimization events (0 events):
No events

Classes loaded (0 events):
No events

Classes unloaded (0 events):
No events

Classes redefined (0 events):
No events

Internal exceptions (0 events):
No events

ZGC Phase Switch (0 events):
No events

VM Operations (0 events):
No events

Events (0 events):
No events


Dynamic libraries:
0x00007ff6183a0000 - 0x00007ff6183b0000 	C:\Program Files\Java\jdk-21\bin\java.exe
0x00007ff967bd0000 - 0x00007ff967de7000 	C:\WINDOWS\SYSTEM32\ntdll.dll
0x00007ff965b50000 - 0x00007ff965c14000 	C:\WINDOWS\System32\KERNEL32.DLL
0x00007ff965450000 - 0x00007ff96580a000 	C:\WINDOWS\System32\KERNELBASE.dll
0x00007ff964e90000 - 0x00007ff964fa1000 	C:\WINDOWS\System32\ucrtbase.dll
0x00007ff95d120000 - 0x00007ff95d139000 	C:\Program Files\Java\jdk-21\bin\jli.dll
0x00007ff967660000 - 0x00007ff967712000 	C:\WINDOWS\System32\ADVAPI32.dll
0x00007ff966870000 - 0x00007ff966917000 	C:\WINDOWS\System32\msvcrt.dll
0x00007ff9667c0000 - 0x00007ff966867000 	C:\WINDOWS\System32\sechost.dll
0x00007ff965190000 - 0x00007ff9651b8000 	C:\WINDOWS\System32\bcrypt.dll
0x00007ff967010000 - 0x00007ff967124000 	C:\WINDOWS\System32\RPCRT4.dll
0x00007ff9659a0000 - 0x00007ff965b4e000 	C:\WINDOWS\System32\USER32.dll
0x00007ff965890000 - 0x00007ff9658b6000 	C:\WINDOWS\System32\win32u.dll
0x00007ff967930000 - 0x00007ff967959000 	C:\WINDOWS\System32\GDI32.dll
0x00007ff9651c0000 - 0x00007ff9652db000 	C:\WINDOWS\System32\gdi32full.dll
0x00007ff964fb0000 - 0x00007ff96504a000 	C:\WINDOWS\System32\msvcp_win.dll
0x00007ff947e30000 - 0x00007ff9480c2000 	C:\WINDOWS\WinSxS\amd64_microsoft.windows.common-controls_6595b64144ccf1df_6.0.22621.4541_none_2710d1c57384c085\COMCTL32.dll
0x00007ff95e960000 - 0x00007ff95e96a000 	C:\WINDOWS\SYSTEM32\VERSION.dll
0x00007ff95d100000 - 0x00007ff95d11b000 	C:\Program Files\Java\jdk-21\bin\VCRUNTIME140.dll
0x00007ff966ed0000 - 0x00007ff966f01000 	C:\WINDOWS\System32\IMM32.DLL
0x00007ff960470000 - 0x00007ff96047c000 	C:\Program Files\Java\jdk-21\bin\vcruntime140_1.dll
0x00007ff95cd40000 - 0x00007ff95cdce000 	C:\Program Files\Java\jdk-21\bin\msvcp140.dll
0x00007ff920400000 - 0x00007ff921113000 	C:\Program Files\Java\jdk-21\bin\server\jvm.dll
0x00007ff966e40000 - 0x00007ff966eb1000 	C:\WINDOWS\System32\WS2_32.dll
0x00007ff964d60000 - 0x00007ff964dad000 	C:\WINDOWS\SYSTEM32\POWRPROF.dll
0x00007ff960a20000 - 0x00007ff960a54000 	C:\WINDOWS\SYSTEM32\WINMM.dll
0x00007ff964d40000 - 0x00007ff964d53000 	C:\WINDOWS\SYSTEM32\UMPDC.dll
0x00007ff963ed0000 - 0x00007ff963ee8000 	C:\WINDOWS\SYSTEM32\kernel.appcore.dll
0x00007ff95ea50000 - 0x00007ff95ea5a000 	C:\Program Files\Java\jdk-21\bin\jimage.dll
0x00007ff9628b0000 - 0x00007ff962ae2000 	C:\WINDOWS\SYSTEM32\DBGHELP.DLL
0x00007ff967150000 - 0x00007ff9674e1000 	C:\WINDOWS\System32\combase.dll
0x00007ff967720000 - 0x00007ff9677f7000 	C:\WINDOWS\System32\OLEAUT32.dll
0x00007ff941100000 - 0x00007ff941132000 	C:\WINDOWS\SYSTEM32\dbgcore.DLL
0x00007ff965810000 - 0x00007ff96588b000 	C:\WINDOWS\System32\bcryptPrimitives.dll
0x00007ff95d0e0000 - 0x00007ff95d0ff000 	C:\Program Files\Java\jdk-21\bin\java.dll

dbghelp: loaded successfully - version: 4.0.5 - missing functions: none
symbol engine: initialized successfully - sym options: 0x614 - pdb path: .;C:\Program Files\Java\jdk-21\bin;C:\WINDOWS\SYSTEM32;C:\WINDOWS\WinSxS\amd64_microsoft.windows.common-controls_6595b64144ccf1df_6.0.22621.4541_none_2710d1c57384c085;C:\Program Files\Java\jdk-21\bin\server

VM Arguments:
jvm_args: -Xms3000M -Xmx3000M 
java_command: EverNeverMC.jar -o true
java_class_path (initial): EverNeverMC.jar
Launcher Type: SUN_STANDARD

[Global flags]
     intx CICompilerCount                          = 3                                         {product} {ergonomic}
     uint ConcGCThreads                            = 1                                         {product} {ergonomic}
     uint G1ConcRefinementThreads                  = 4                                         {product} {ergonomic}
   size_t G1HeapRegionSize                         = 2097152                                   {product} {ergonomic}
    uintx GCDrainStackTargetSize                   = 64                                        {product} {ergonomic}
   size_t InitialHeapSize                          = 3145728000                                {product} {command line}
   size_t MarkStackSize                            = 4194304                                   {product} {ergonomic}
   size_t MaxHeapSize                              = 3145728000                                {product} {command line}
   size_t MinHeapDeltaBytes                        = 2097152                                   {product} {ergonomic}
   size_t MinHeapSize                              = 3145728000                                {product} {command line}
    uintx NonNMethodCodeHeapSize                   = 5832780                                {pd product} {ergonomic}
    uintx NonProfiledCodeHeapSize                  = 122912730                              {pd product} {ergonomic}
    uintx ProfiledCodeHeapSize                     = 122912730                              {pd product} {ergonomic}
    uintx ReservedCodeCacheSize                    = 251658240                              {pd product} {ergonomic}
     bool SegmentedCodeCache                       = true                                      {product} {ergonomic}
   size_t SoftMaxHeapSize                          = 3145728000                             {manageable} {ergonomic}
     bool UseCompressedOops                        = true                           {product lp64_product} {ergonomic}
     bool UseG1GC                                  = true                                      {product} {ergonomic}
     bool UseLargePagesIndividualAllocation        = false                                  {pd product} {ergonomic}

Logging:
Log output configuration:
 #0: stdout all=warning uptime,level,tags foldmultilines=false
 #1: stderr all=off uptime,level,tags foldmultilines=false

Environment Variables:
PATH=C:\Program Files\Common Files\Oracle\Java\javapath;C:\Program Files (x86)\Common Files\Oracle\Java\javapath;C:\WINDOWS\system32;C:\WINDOWS;C:\WINDOWS\System32\Wbem;C:\WINDOWS\System32\WindowsPowerShell\v1.0\;C:\WINDOWS\System32\OpenSSH\;C:\Program Files\HP\HP One Agent;C:\ProgramData\chocolatey\bin;C:\Program Files\Common Files\Oracle\Java\javapath;C:\Program Files (x86)\Common Files\Oracle\Java\javapath;C:\WINDOWS\system32;C:\WINDOWS;C:\WINDOWS\System32\Wbem;C:\WINDOWS\System32\WindowsPowerShell\v1.0\;C:\WINDOWS\System32\OpenSSH\;C:\Program Files\HP\HP One Agent;C:\ProgramData\chocolatey\bin;C:\Program Files\nodejs
USERNAME=jose3
OS=Windows_NT
PROCESSOR_IDENTIFIER=Intel64 Family 6 Model 122 Stepping 8, GenuineIntel
TMP=C:\Users\jose3\AppData\Local\Temp
TEMP=C:\Users\jose3\AppData\Local\Temp




Periodic native trim disabled

---------------  S Y S T E M  ---------------

OS:
 Windows 11 , 64 bit Build 22621 (10.0.22621.4391)
OS uptime: 2 days 18:11 hours

CPU: total 4 (initial active 4) (4 cores per cpu, 1 threads per core) family 6 model 122 stepping 8 microcode 0x24, cx8, cmov, fxsr, mmx, 3dnowpref, sse, sse2, sse3, ssse3, sse4.1, sse4.2, popcnt, tsc, tscinvbit, aes, erms, clmul, sha, clflush, clflushopt, rdtscp, rdpid
Processor Information for all 4 processors :
  Max Mhz: 1101, Current Mhz: 1101, Mhz Limit: 1101

Memory: 4k page, system-wide physical 3858M (57M free)
TotalPageFile size 11181M (AvailPageFile size 864M)
current process WorkingSet (physical memory assigned to process): 11M, peak: 11M
current process commit charge ("private bytes"): 52M, peak: 3051M

vm_info: Java HotSpot(TM) 64-Bit Server VM (21.0.4+8-LTS-274) for windows-amd64 JRE (21.0.4+8-LTS-274), built on 2024-06-05T05:23:33Z by "mach5one" with MS VC++ 17.6 (VS2022)

END.
